<?xml version="1.0" encoding="UTF-8"?>
<!-- Generated by org.testng.reporters.JUnitReportReporter -->
<testsuite hostname="SebahattinsAir2.home" name="SeleniumMethods.Sel_39_TesNg" tests="2" failures="0" timestamp="7 Jul 2020 17:56:00 GMT" time="28.153" errors="0">
  <testcase name="invalidCredentials" time="14.002" classname="SeleniumMethods.Sel_39_TesNg"/>
  <testcase name="getTitle" time="14.151" classname="SeleniumMethods.Sel_39_TesNg"/>
</testsuite> <!-- SeleniumMethods.Sel_39_TesNg -->
